<?xml version="1.0" encoding="UTF-8"?>
<robot generator="Robot 5.0 (Python 3.10.4 on win32)" generated="20220416 16:46:47.335" rpa="false" schemaversion="3">
<suite id="s1" name="APItest" source="C:\Users\Sopi\PycharmProjects\Project1\AllTest\APItest.robot">
<test id="s1-t1" name="API Testing" line="20">
<kw name="Playaround with Dictionary">
<tag>DICTIONARY</tag>
<kw name="Create Dictionary" library="BuiltIn">
<var>${data}</var>
<arg>name=swapnil</arg>
<arg>course=robot</arg>
<arg>age=24</arg>
<doc>Creates and returns a dictionary based on the given ``items``.</doc>
<msg timestamp="20220416 16:46:47.722" level="INFO">${data} = {'name': 'swapnil', 'course': 'robot', 'age': '24'}</msg>
<status status="PASS" starttime="20220416 16:46:47.721" endtime="20220416 16:46:47.722"/>
</kw>
<kw name="Log" library="BuiltIn">
<arg>${data}</arg>
<doc>Logs the given message with the given level.</doc>
<msg timestamp="20220416 16:46:47.723" level="INFO">{'name': 'swapnil', 'course': 'robot', 'age': '24'}</msg>
<status status="PASS" starttime="20220416 16:46:47.722" endtime="20220416 16:46:47.723"/>
</kw>
<kw name="Dictionary Should Contain Key" library="Collections">
<arg>${data}</arg>
<arg>name</arg>
<doc>Fails if ``key`` is not found from ``dictionary``.</doc>
<status status="PASS" starttime="20220416 16:46:47.724" endtime="20220416 16:46:47.725"/>
</kw>
<kw name="Log" library="BuiltIn">
<arg>${data}[name]</arg>
<doc>Logs the given message with the given level.</doc>
<msg timestamp="20220416 16:46:47.726" level="INFO">swapnil</msg>
<status status="PASS" starttime="20220416 16:46:47.725" endtime="20220416 16:46:47.726"/>
</kw>
<kw name="Get From Dictionary" library="Collections">
<var>${check}</var>
<arg>${data}</arg>
<arg>name</arg>
<doc>Returns a value from the given ``dictionary`` based on the given ``key``.</doc>
<msg timestamp="20220416 16:46:47.728" level="INFO">${check} = swapnil</msg>
<status status="PASS" starttime="20220416 16:46:47.727" endtime="20220416 16:46:47.728"/>
</kw>
<kw name="Should Be Equal" library="BuiltIn">
<arg>${check}</arg>
<arg>swapnil</arg>
<doc>Fails if the given objects are unequal.</doc>
<status status="PASS" starttime="20220416 16:46:47.728" endtime="20220416 16:46:47.729"/>
</kw>
<status status="PASS" starttime="20220416 16:46:47.721" endtime="20220416 16:46:47.729"/>
</kw>
<kw name="Get Book from Library">
<tag>SHOW</tag>
<kw name="GET" library="RequestsLibrary">
<var>${got_data}</var>
<arg>${base_url}${Resource_GET}</arg>
<arg>params=ID=${ID}</arg>
<arg>expected_status=200</arg>
<doc>Sends a GET request.</doc>
<msg timestamp="20220416 16:46:47.895" level="INFO">GET Request : url=http://216.10.245.166/Library/GetBook.php?ID=xyz113311 
 path_url=/Library/GetBook.php?ID=xyz113311 
 headers={'User-Agent': 'python-requests/2.27.1', 'Accept-Encoding': 'gzip, deflate', 'Accept': '*/*', 'Connection': 'keep-alive'} 
 body=None 
 </msg>
<msg timestamp="20220416 16:46:47.895" level="INFO">GET Response : url=http://216.10.245.166/Library/GetBook.php?ID=xyz113311 
 status=200, reason=OK 
 headers={'Date': 'Sat, 16 Apr 2022 11:16:47 GMT', 'Server': 'Apache', 'Access-Control-Allow-Origin': '*', 'Access-Control-Allow-Methods': 'POST', 'Access-Control-Max-Age': '3600', 'Access-Control-Allow-Headers': 'Content-Type, Access-Control-Allow-Headers, Authorization, X-Requested-With', 'Keep-Alive': 'timeout=5, max=100', 'Connection': 'Keep-Alive', 'Transfer-Encoding': 'chunked', 'Content-Type': 'application/json;charset=UTF-8'} 
 body=[{"book_name":"The Lost","isbn":"xyz11","aisle":"3311","author":"Dan"}] 
 </msg>
<msg timestamp="20220416 16:46:47.896" level="INFO">${got_data} = &lt;Response [200]&gt;</msg>
<status status="PASS" starttime="20220416 16:46:47.730" endtime="20220416 16:46:47.896"/>
</kw>
<kw name="Log" library="BuiltIn">
<arg>${got_data}</arg>
<doc>Logs the given message with the given level.</doc>
<msg timestamp="20220416 16:46:47.896" level="INFO">&lt;Response [200]&gt;</msg>
<status status="PASS" starttime="20220416 16:46:47.896" endtime="20220416 16:46:47.897"/>
</kw>
<status status="PASS" starttime="20220416 16:46:47.729" endtime="20220416 16:46:47.897"/>
</kw>
<status status="PASS" starttime="20220416 16:46:47.720" endtime="20220416 16:46:47.897"/>
</test>
<status status="PASS" starttime="20220416 16:46:47.341" endtime="20220416 16:46:47.898"/>
</suite>
<statistics>
<total>
<stat pass="1" fail="0" skip="0">All Tests</stat>
</total>
<tag>
</tag>
<suite>
<stat pass="1" fail="0" skip="0" id="s1" name="APItest">APItest</stat>
</suite>
</statistics>
<errors>
</errors>
</robot>
