<?xml version="1.0" encoding="UTF-8"?>
<robot generator="Robot 5.0 (Python 3.10.4 on win32)" generated="20220413 11:48:47.312" rpa="false" schemaversion="3">
<suite id="s1" name="Three" source="C:\Users\Swapnil.Wankhede\PycharmProjects\RobotSel\Resources\three.robot">
<test id="s1-t1" name="Invalid Username" line="26">
<kw name="Validate unsuccessfull Login">
<arg>${username}</arg>
<arg>${password}</arg>
<msg timestamp="20220413 11:48:47.561" level="FAIL">Variable '${username}' not found.</msg>
<status status="FAIL" starttime="20220413 11:48:47.560" endtime="20220413 11:48:47.561"/>
</kw>
<kw name="Closing my Browser" library="resources" type="TEARDOWN">
<kw name="Close Browser" library="SeleniumLibrary">
<doc>Closes the current browser.</doc>
<status status="PASS" starttime="20220413 11:48:47.562" endtime="20220413 11:48:47.562"/>
</kw>
<status status="PASS" starttime="20220413 11:48:47.562" endtime="20220413 11:48:47.562"/>
</kw>
<status status="FAIL" starttime="20220413 11:48:47.558" endtime="20220413 11:48:47.563">Variable '${username}' not found.</status>
</test>
<test id="s1-t2" name="Invalid Password" line="26">
<kw name="Validate unsuccessfull Login">
<arg>${username}</arg>
<arg>${password}</arg>
<msg timestamp="20220413 11:48:47.567" level="FAIL">Variable '${username}' not found.</msg>
<status status="FAIL" starttime="20220413 11:48:47.566" endtime="20220413 11:48:47.567"/>
</kw>
<kw name="Closing my Browser" library="resources" type="TEARDOWN">
<kw name="Close Browser" library="SeleniumLibrary">
<doc>Closes the current browser.</doc>
<status status="PASS" starttime="20220413 11:48:47.569" endtime="20220413 11:48:47.569"/>
</kw>
<status status="PASS" starttime="20220413 11:48:47.568" endtime="20220413 11:48:47.569"/>
</kw>
<status status="FAIL" starttime="20220413 11:48:47.564" endtime="20220413 11:48:47.570">Variable '${username}' not found.</status>
</test>
<test id="s1-t3" name="Specail Characters" line="26">
<kw name="Validate unsuccessfull Login">
<arg>${username}</arg>
<arg>${password}</arg>
<msg timestamp="20220413 11:48:47.575" level="FAIL">Variable '${username}' not found.</msg>
<status status="FAIL" starttime="20220413 11:48:47.574" endtime="20220413 11:48:47.576"/>
</kw>
<kw name="Closing my Browser" library="resources" type="TEARDOWN">
<kw name="Close Browser" library="SeleniumLibrary">
<doc>Closes the current browser.</doc>
<status status="PASS" starttime="20220413 11:48:47.577" endtime="20220413 11:48:47.577"/>
</kw>
<status status="PASS" starttime="20220413 11:48:47.576" endtime="20220413 11:48:47.577"/>
</kw>
<status status="FAIL" starttime="20220413 11:48:47.572" endtime="20220413 11:48:47.579">Variable '${username}' not found.</status>
</test>
<status status="FAIL" starttime="20220413 11:48:47.314" endtime="20220413 11:48:47.581"/>
</suite>
<statistics>
<total>
<stat pass="0" fail="3" skip="0">All Tests</stat>
</total>
<tag>
</tag>
<suite>
<stat pass="0" fail="3" skip="0" id="s1" name="Three">Three</stat>
</suite>
</statistics>
<errors>
</errors>
</robot>
